Using pre-set license
Built from '2020.3/release' branch; Version is '2020.3.7f1 (dd97f2c94397) revision 14522354'; Using compiler version '192528614'; Build Type 'Release'
OS: 'Windows 10 Home; OS build 19041.1052; Version 2004; 64bit' Language: 'en' Physical Memory: 8070 MB
BatchMode: 1, IsHumanControllingUs: 0, StartBugReporterOnCrash: 0, Is64bit: 1, IsPro: 0

 COMMAND LINE ARGUMENTS:
C:\Program Files\Unity\Hub\Editor\2020.3.7f1\Editor\Unity.exe
-adb2
-batchMode
-noUpm
-name
AssetImportWorker0
-projectPath
C:/Users/tommy/URP shaders
-logFile
Logs/AssetImportWorker0.log
-srvPort
53836
Successfully changed project path to: C:/Users/tommy/URP shaders
C:/Users/tommy/URP shaders
Using Asset Import Pipeline V2.
Refreshing native plugins compatible for Editor in 55.28 ms, found 0 plugins.
Preloading 0 native plugins for Editor in 0.00 ms.
Initialize engine version: 2020.3.7f1 (dd97f2c94397)
[Subsystems] Discovering subsystems at path C:/Program Files/Unity/Hub/Editor/2020.3.7f1/Editor/Data/Resources/UnitySubsystems
[Subsystems] Discovering subsystems at path C:/Users/tommy/URP shaders/Assets
GfxDevice: creating device client; threaded=0
Direct3D:
    Version:  Direct3D 11.0 [level 11.0]
    Renderer: NVIDIA GeForce GTX 960M (ID=0x139b)
    Vendor:   
    VRAM:     2010 MB
    Driver:   26.21.14.3086
Initialize mono
Mono path[0] = 'C:/Program Files/Unity/Hub/Editor/2020.3.7f1/Editor/Data/Managed'
Mono path[1] = 'C:/Program Files/Unity/Hub/Editor/2020.3.7f1/Editor/Data/MonoBleedingEdge/lib/mono/unityjit'
Mono config path = 'C:/Program Files/Unity/Hub/Editor/2020.3.7f1/Editor/Data/MonoBleedingEdge/etc'
Using monoOptions --debugger-agent=transport=dt_socket,embedding=1,server=y,suspend=n,address=127.0.0.1:56048
Begin MonoManager ReloadAssembly
Registering precompiled unity dll's ...
Register platform support module: C:/Program Files/Unity/Hub/Editor/2020.3.7f1/Editor/Data/PlaybackEngines/WindowsStandaloneSupport/UnityEditor.WindowsStandalone.Extensions.dll
Registered in 0.002590 seconds.
Native extension for WindowsStandalone target not found
Refreshing native plugins compatible for Editor in 49.77 ms, found 0 plugins.
Preloading 0 native plugins for Editor in 0.00 ms.
Mono: successfully reloaded assembly
- Completed reload, in  1.383 seconds
Platform modules already initialized, skipping
Registering precompiled user dll's ...
Registered in 0.001772 seconds.
Begin MonoManager ReloadAssembly
Native extension for WindowsStandalone target not found
Refreshing native plugins compatible for Editor in 50.53 ms, found 0 plugins.
Preloading 0 native plugins for Editor in 0.00 ms.
Mono: successfully reloaded assembly
- Completed reload, in  1.144 seconds
Platform modules already initialized, skipping
========================================================================
Worker process is ready to serve import requests
Shader 'Universal Render Pipeline/Particles/Lit': fallback shader 'Universal Render Pipeline/Particles/SimpleLit' not found
Shader 'Universal Render Pipeline/Particles/Lit': fallback shader 'Universal Render Pipeline/Particles/SimpleLit' not found
Launched and connected shader compiler UnityShaderCompiler.exe after 0.06 seconds
Refreshing native plugins compatible for Editor in 0.40 ms, found 0 plugins.
Preloading 0 native plugins for Editor in 0.00 ms.
Unloading 2426 Unused Serialized files (Serialized files now loaded: 0)
System memory in use before: 115.8 MB.
System memory in use after: 113.1 MB.

Unloading 43 unused Assets to reduce memory usage. Loaded Objects now: 2839.
Total: 3.975900 ms (FindLiveObjects: 0.246600 ms CreateObjectMapping: 0.106900 ms MarkObjects: 1.822500 ms  DeleteObjects: 1.799100 ms)

========================================================================
Received Import Request.
  path: Assets/Code
  artifactKey: Guid(ae82704438c53924fa74df4dd4c74a54) Importer(815301076,1909f56bfc062723c751e8b465ee728b)
Start importing Assets/Code using Guid(ae82704438c53924fa74df4dd4c74a54) Importer(815301076,1909f56bfc062723c751e8b465ee728b)  -> (artifact id: '92dc81d241e3ba959bb695db52215822') in 0.026699 seconds
  Import took 0.031106 seconds .

========================================================================
Received Import Request.
  Time since last request: 11.873215 seconds.
  path: Assets/Code/Extension Methods
  artifactKey: Guid(ab87920e441c6534aa6181199631490e) Importer(815301076,1909f56bfc062723c751e8b465ee728b)
Start importing Assets/Code/Extension Methods using Guid(ab87920e441c6534aa6181199631490e) Importer(815301076,1909f56bfc062723c751e8b465ee728b)  -> (artifact id: '46cd1f430689c87869af9b64b8767c4f') in 0.011139 seconds
  Import took 0.017588 seconds .

========================================================================
Received Import Request.
  Time since last request: 17.915300 seconds.
  path: Assets/Code/Extension Methods/ExtensionMethods.cs
  artifactKey: Guid(c9688c4303cd0c64d8697f878a24c213) Importer(815301076,1909f56bfc062723c751e8b465ee728b)
Start importing Assets/Code/Extension Methods/ExtensionMethods.cs using Guid(c9688c4303cd0c64d8697f878a24c213) Importer(815301076,1909f56bfc062723c751e8b465ee728b)  -> (artifact id: 'd8deb5b36355c607b587be26ff357675') in 0.134066 seconds
  Import took 0.139798 seconds .

========================================================================
Received Prepare
Registering precompiled user dll's ...
Registered in 0.001643 seconds.
Begin MonoManager ReloadAssembly
Native extension for WindowsStandalone target not found
Refreshing native plugins compatible for Editor in 0.47 ms, found 0 plugins.
Preloading 0 native plugins for Editor in 0.00 ms.
Mono: successfully reloaded assembly
- Completed reload, in  1.016 seconds
Platform modules already initialized, skipping
Shader 'Universal Render Pipeline/Particles/Lit': fallback shader 'Universal Render Pipeline/Particles/SimpleLit' not found
Shader 'Universal Render Pipeline/Particles/Lit': fallback shader 'Universal Render Pipeline/Particles/SimpleLit' not found
Refreshing native plugins compatible for Editor in 0.39 ms, found 0 plugins.
Preloading 0 native plugins for Editor in 0.00 ms.
Unloading 2348 Unused Serialized files (Serialized files now loaded: 0)
System memory in use before: 111.9 MB.
System memory in use after: 109.1 MB.

Unloading 38 unused Assets to reduce memory usage. Loaded Objects now: 2843.
Total: 3.960500 ms (FindLiveObjects: 0.277300 ms CreateObjectMapping: 0.132100 ms MarkObjects: 2.070800 ms  DeleteObjects: 1.479200 ms)

========================================================================
Received Prepare
Registering precompiled user dll's ...
Registered in 0.001699 seconds.
Begin MonoManager ReloadAssembly
Native extension for WindowsStandalone target not found
Refreshing native plugins compatible for Editor in 0.43 ms, found 0 plugins.
Preloading 0 native plugins for Editor in 0.00 ms.
Mono: successfully reloaded assembly
- Completed reload, in  1.123 seconds
Platform modules already initialized, skipping
Shader 'Universal Render Pipeline/Particles/Lit': fallback shader 'Universal Render Pipeline/Particles/SimpleLit' not found
Shader 'Universal Render Pipeline/Particles/Lit': fallback shader 'Universal Render Pipeline/Particles/SimpleLit' not found
Refreshing native plugins compatible for Editor in 0.41 ms, found 0 plugins.
Preloading 0 native plugins for Editor in 0.00 ms.
Unloading 2348 Unused Serialized files (Serialized files now loaded: 0)
System memory in use before: 111.9 MB.
System memory in use after: 109.2 MB.

Unloading 38 unused Assets to reduce memory usage. Loaded Objects now: 2846.
Total: 5.160000 ms (FindLiveObjects: 0.698600 ms CreateObjectMapping: 0.352800 ms MarkObjects: 2.407200 ms  DeleteObjects: 1.699500 ms)

========================================================================
Received Import Request.
  Time since last request: 344.703601 seconds.
  path: Assets/Code/PlayerMove.cs
  artifactKey: Guid(592cdb316d235754aa39a71a722951e2) Importer(815301076,1909f56bfc062723c751e8b465ee728b)
Start importing Assets/Code/PlayerMove.cs using Guid(592cdb316d235754aa39a71a722951e2) Importer(815301076,1909f56bfc062723c751e8b465ee728b)  -> (artifact id: '45b3e63826ce8b710f4bfce80b1a8c79') in 0.017963 seconds
  Import took 0.036858 seconds .

========================================================================
Received Prepare
Registering precompiled user dll's ...
Registered in 0.001691 seconds.
Begin MonoManager ReloadAssembly
Native extension for WindowsStandalone target not found
Refreshing native plugins compatible for Editor in 0.53 ms, found 0 plugins.
Preloading 0 native plugins for Editor in 0.00 ms.
Mono: successfully reloaded assembly
- Completed reload, in  1.211 seconds
Platform modules already initialized, skipping
Shader 'Universal Render Pipeline/Particles/Lit': fallback shader 'Universal Render Pipeline/Particles/SimpleLit' not found
Shader 'Universal Render Pipeline/Particles/Lit': fallback shader 'Universal Render Pipeline/Particles/SimpleLit' not found
Refreshing native plugins compatible for Editor in 0.46 ms, found 0 plugins.
Preloading 0 native plugins for Editor in 0.00 ms.
Unloading 2348 Unused Serialized files (Serialized files now loaded: 0)
System memory in use before: 111.9 MB.
System memory in use after: 109.2 MB.

Unloading 38 unused Assets to reduce memory usage. Loaded Objects now: 2849.
Total: 4.959400 ms (FindLiveObjects: 0.336700 ms CreateObjectMapping: 0.117400 ms MarkObjects: 2.773000 ms  DeleteObjects: 1.731000 ms)

========================================================================
Received Import Request.
  Time since last request: 46.386958 seconds.
  path: Assets/Models
  artifactKey: Guid(c88ef95070921cb4787c917acd214aa0) Importer(815301076,1909f56bfc062723c751e8b465ee728b)
Start importing Assets/Models using Guid(c88ef95070921cb4787c917acd214aa0) Importer(815301076,1909f56bfc062723c751e8b465ee728b)  -> (artifact id: '572ae5a6a82a38f305b32451d823be8d') in 0.020787 seconds
  Import took 0.041287 seconds .

========================================================================
Received Import Request.
  Time since last request: 8.217182 seconds.
  path: Assets/Animation
  artifactKey: Guid(c491c837b9e83a541bc41ea70ed3a921) Importer(815301076,1909f56bfc062723c751e8b465ee728b)
Start importing Assets/Animation using Guid(c491c837b9e83a541bc41ea70ed3a921) Importer(815301076,1909f56bfc062723c751e8b465ee728b)  -> (artifact id: 'ba1d94f2ac53ddeb14ffc4e8a5e4998f') in 0.011338 seconds
  Import took 0.021537 seconds .

========================================================================
Received Import Request.
  Time since last request: 9.463233 seconds.
  path: Assets/Animation/Animation Controllers
  artifactKey: Guid(e73b8172fccef8d41bd9b96b59704041) Importer(815301076,1909f56bfc062723c751e8b465ee728b)
Start importing Assets/Animation/Animation Controllers using Guid(e73b8172fccef8d41bd9b96b59704041) Importer(815301076,1909f56bfc062723c751e8b465ee728b)  -> (artifact id: '0a2cbc54b6e036e4b240c5a15515265e') in 0.010699 seconds
  Import took 0.026644 seconds .

========================================================================
Received Import Request.
  Time since last request: 10.212029 seconds.
  path: Assets/Animation/Animation Clips
  artifactKey: Guid(bbfe87a32f7e51847b0762cd2c84f9f3) Importer(815301076,1909f56bfc062723c751e8b465ee728b)
Start importing Assets/Animation/Animation Clips using Guid(bbfe87a32f7e51847b0762cd2c84f9f3) Importer(815301076,1909f56bfc062723c751e8b465ee728b)  -> (artifact id: 'a80b7c09fb86976739e865310308df7f') in 0.013903 seconds
  Import took 0.035803 seconds .

========================================================================
Received Import Request.
  Time since last request: 12.673636 seconds.
  path: Assets/TutorialInfo
  artifactKey: Guid(49110bb8dcada46328ad741970bce702) Importer(815301076,1909f56bfc062723c751e8b465ee728b)
Start importing Assets/TutorialInfo using Guid(49110bb8dcada46328ad741970bce702) Importer(815301076,1909f56bfc062723c751e8b465ee728b)  -> (artifact id: '712a21f54ccb25669b0fec5d85910b02') in 0.012378 seconds
  Import took 0.038372 seconds .

========================================================================
Received Import Request.
  Time since last request: 2.575016 seconds.
  path: Assets/TutorialInfo/Scripts
  artifactKey: Guid(5a9bcd70e6a4b4b05badaa72e827d8e0) Importer(815301076,1909f56bfc062723c751e8b465ee728b)
Start importing Assets/TutorialInfo/Scripts using Guid(5a9bcd70e6a4b4b05badaa72e827d8e0) Importer(815301076,1909f56bfc062723c751e8b465ee728b)  -> (artifact id: 'ddf9392e79fa845300347a22e0fab579') in 0.011057 seconds
  Import took 0.071953 seconds .

========================================================================
Received Import Request.
  Time since last request: 1.528692 seconds.
  path: Assets/TutorialInfo/Scripts/Readme.cs
  artifactKey: Guid(fcf7219bab7fe46a1ad266029b2fee19) Importer(815301076,1909f56bfc062723c751e8b465ee728b)
Start importing Assets/TutorialInfo/Scripts/Readme.cs using Guid(fcf7219bab7fe46a1ad266029b2fee19) Importer(815301076,1909f56bfc062723c751e8b465ee728b)  -> (artifact id: '85db054f774815304438a68fdd4808a3') in 0.077145 seconds
  Import took 0.118486 seconds .

========================================================================
Received Import Request.
  Time since last request: 4.328491 seconds.
  path: Assets/TutorialInfo/Scripts/Editor
  artifactKey: Guid(3ad9b87dffba344c89909c6d1b1c17e1) Importer(815301076,1909f56bfc062723c751e8b465ee728b)
Start importing Assets/TutorialInfo/Scripts/Editor using Guid(3ad9b87dffba344c89909c6d1b1c17e1) Importer(815301076,1909f56bfc062723c751e8b465ee728b)  -> (artifact id: '17606539483ac406549964e87d141ca5') in 0.010291 seconds
  Import took 0.068299 seconds .

========================================================================
Received Import Request.
  Time since last request: 1.717725 seconds.
  path: Assets/TutorialInfo/Scripts/Editor/ReadmeEditor.cs
  artifactKey: Guid(476cc7d7cd9874016adc216baab94a0a) Importer(815301076,1909f56bfc062723c751e8b465ee728b)
Start importing Assets/TutorialInfo/Scripts/Editor/ReadmeEditor.cs using Guid(476cc7d7cd9874016adc216baab94a0a) Importer(815301076,1909f56bfc062723c751e8b465ee728b)  -> (artifact id: '400136b26ce03ce801152ccace9dccdf') in 0.050566 seconds
  Import took 0.082108 seconds .

========================================================================
Received Import Request.
  Time since last request: 8.983759 seconds.
  path: Assets/Settings
  artifactKey: Guid(0735c275001a2c84dafdb30deced5d8d) Importer(815301076,1909f56bfc062723c751e8b465ee728b)
Start importing Assets/Settings using Guid(0735c275001a2c84dafdb30deced5d8d) Importer(815301076,1909f56bfc062723c751e8b465ee728b)  -> (artifact id: '049f4eaef8f5b623463e4b2e7dd91f02') in 0.015475 seconds
  Import took 0.071170 seconds .

========================================================================
Received Import Request.
  Time since last request: 0.527192 seconds.
  path: Assets/Settings/ForwardRenderer.asset
  artifactKey: Guid(4a8e21d5c33334b11b34a596161b9360) Importer(815301076,1909f56bfc062723c751e8b465ee728b)
Start importing Assets/Settings/ForwardRenderer.asset using Guid(4a8e21d5c33334b11b34a596161b9360) Importer(815301076,1909f56bfc062723c751e8b465ee728b)  -> (artifact id: '2fd9cc3e668c8c42db8cc7782dfc67a1') in 0.172332 seconds
  Import took 0.177290 seconds .

========================================================================
Received Import Request.
  Time since last request: 0.000353 seconds.
  path: Assets/Settings/SampleSceneProfile.asset
  artifactKey: Guid(10fc4df2da32a41aaa32d77bc913491c) Importer(815301076,1909f56bfc062723c751e8b465ee728b)
Start importing Assets/Settings/SampleSceneProfile.asset using Guid(10fc4df2da32a41aaa32d77bc913491c) Importer(815301076,1909f56bfc062723c751e8b465ee728b)  -> (artifact id: 'a7a1bbc43ebf2ca8e646a1a43c7144be') in 0.026814 seconds
  Import took 0.031777 seconds .

========================================================================
Received Import Request.
  Time since last request: 0.000361 seconds.
  path: Assets/Settings/UniversalRP-LowQuality.asset
  artifactKey: Guid(a31e9f9f9c9d4b9429ed0d1234e22103) Importer(815301076,1909f56bfc062723c751e8b465ee728b)
Start importing Assets/Settings/UniversalRP-LowQuality.asset using Guid(a31e9f9f9c9d4b9429ed0d1234e22103) Importer(815301076,1909f56bfc062723c751e8b465ee728b)  -> (artifact id: 'af526cce7b5fdab0f901af6cd4471b3f') in 0.014798 seconds
  Import took 0.041327 seconds .

========================================================================
Received Import Request.
  Time since last request: 0.000314 seconds.
  path: Assets/Settings/UniversalRP-MediumQuality.asset
  artifactKey: Guid(d847b876476d3d6468f5dfcd34266f96) Importer(815301076,1909f56bfc062723c751e8b465ee728b)
Start importing Assets/Settings/UniversalRP-MediumQuality.asset using Guid(d847b876476d3d6468f5dfcd34266f96) Importer(815301076,1909f56bfc062723c751e8b465ee728b)  -> (artifact id: '2b6bff2fb35939445d00ece3c679bef8') in 0.012770 seconds
  Import took 0.041510 seconds .

========================================================================
Received Import Request.
  Time since last request: 0.000377 seconds.
  path: Assets/Settings/UniversalRP-HighQuality.asset
  artifactKey: Guid(19ba41d7c0026c3459d37c2fe90c55a0) Importer(815301076,1909f56bfc062723c751e8b465ee728b)
Start importing Assets/Settings/UniversalRP-HighQuality.asset using Guid(19ba41d7c0026c3459d37c2fe90c55a0) Importer(815301076,1909f56bfc062723c751e8b465ee728b)  -> (artifact id: '0d4d20c3abb84498335f72b32dbe8255') in 0.013953 seconds
  Import took 0.039245 seconds .

========================================================================
Received Import Request.
  Time since last request: 12.841551 seconds.
  path: Assets/RenderPipeline Settings
  artifactKey: Guid(0735c275001a2c84dafdb30deced5d8d) Importer(815301076,1909f56bfc062723c751e8b465ee728b)
Start importing Assets/RenderPipeline Settings using Guid(0735c275001a2c84dafdb30deced5d8d) Importer(815301076,1909f56bfc062723c751e8b465ee728b)  -> (artifact id: '2fc26938554025667e602c7d97cb227e') in 0.011991 seconds
  Import took 0.029210 seconds .

========================================================================
Received Import Request.
  Time since last request: 1.467867 seconds.
  path: Assets/Scenes
  artifactKey: Guid(74329f5591d9f3145894a9b6cb320890) Importer(815301076,1909f56bfc062723c751e8b465ee728b)
Start importing Assets/Scenes using Guid(74329f5591d9f3145894a9b6cb320890) Importer(815301076,1909f56bfc062723c751e8b465ee728b)  -> (artifact id: 'e7e0aa5c724158bc7484440202ab7a3f') in 0.010947 seconds
  Import took 0.065202 seconds .

========================================================================
Received Import Request.
  Time since last request: 1.193852 seconds.
  path: Assets/Scenes/SampleSceneLightingSettings.lighting
  artifactKey: Guid(477cc4148fad3449482a3bc3178594e2) Importer(815301076,1909f56bfc062723c751e8b465ee728b)
Start importing Assets/Scenes/SampleSceneLightingSettings.lighting using Guid(477cc4148fad3449482a3bc3178594e2) Importer(815301076,1909f56bfc062723c751e8b465ee728b)  -> (artifact id: '7c721e422bd8086a4d1407a64f88a55a') in 0.011091 seconds
  Import took 0.026345 seconds .

========================================================================
Received Import Request.
  Time since last request: 0.017279 seconds.
  path: Assets/Scenes/SampleSceneLightingSettings.lighting
  artifactKey: Guid(477cc4148fad3449482a3bc3178594e2) Importer(815301076,1909f56bfc062723c751e8b465ee728b)
Start importing Assets/Scenes/SampleSceneLightingSettings.lighting using Guid(477cc4148fad3449482a3bc3178594e2) Importer(815301076,1909f56bfc062723c751e8b465ee728b)  -> (artifact id: '7c721e422bd8086a4d1407a64f88a55a') in 0.003751 seconds
  Import took 0.031921 seconds .

========================================================================
Received Import Request.
  Time since last request: 1.663438 seconds.
  path: Assets/Presets
  artifactKey: Guid(558255460b74ec04fa70b5570e9327bd) Importer(815301076,1909f56bfc062723c751e8b465ee728b)
Start importing Assets/Presets using Guid(558255460b74ec04fa70b5570e9327bd) Importer(815301076,1909f56bfc062723c751e8b465ee728b)  -> (artifact id: 'cd76a3ed38f633a8adfb51673f3341e9') in 0.011080 seconds
  Import took 0.060225 seconds .

========================================================================
Received Import Request.
  Time since last request: 0.000318 seconds.
  path: Assets/Presets/AudioCompressedInMemory.preset
  artifactKey: Guid(2dd802e4d37c65149922028d3e973832) Importer(815301076,1909f56bfc062723c751e8b465ee728b)
Start importing Assets/Presets/AudioCompressedInMemory.preset using Guid(2dd802e4d37c65149922028d3e973832) Importer(815301076,1909f56bfc062723c751e8b465ee728b)  -> (artifact id: 'f3c234d7838da0a70d52beb85920c79f') in 0.141942 seconds
  Import took 0.161363 seconds .

========================================================================
Received Import Request.
  Time since last request: 0.000329 seconds.
  path: Assets/Presets/AudioStreaming.preset
  artifactKey: Guid(86bcce7f5575b54408aa0f3a7d321039) Importer(815301076,1909f56bfc062723c751e8b465ee728b)
Start importing Assets/Presets/AudioStreaming.preset using Guid(86bcce7f5575b54408aa0f3a7d321039) Importer(815301076,1909f56bfc062723c751e8b465ee728b)  -> (artifact id: '55de2de00c94d90d8453e339461187c5') in 0.035262 seconds
  Import took 0.059383 seconds .

========================================================================
Received Import Request.
  Time since last request: 0.000371 seconds.
  path: Assets/Presets/NormalTexture.preset
  artifactKey: Guid(14a57cf3b9fa1c74b884aa7e0dcf1faa) Importer(815301076,1909f56bfc062723c751e8b465ee728b)
Start importing Assets/Presets/NormalTexture.preset using Guid(14a57cf3b9fa1c74b884aa7e0dcf1faa) Importer(815301076,1909f56bfc062723c751e8b465ee728b)  -> (artifact id: '5628ff05a87ef20422b88e693ab8a971') in 0.119694 seconds
  Import took 0.123691 seconds .

========================================================================
Received Import Request.
  Time since last request: 0.000364 seconds.
  path: Assets/Presets/UtilityTexture.preset
  artifactKey: Guid(45f7b2e3c78185248b3adbb14429c2ab) Importer(815301076,1909f56bfc062723c751e8b465ee728b)
Start importing Assets/Presets/UtilityTexture.preset using Guid(45f7b2e3c78185248b3adbb14429c2ab) Importer(815301076,1909f56bfc062723c751e8b465ee728b)  -> (artifact id: 'dd701188feb3b0b129fb42ddaa0a1e1e') in 0.087297 seconds
  Import took 0.113920 seconds .

========================================================================
Received Import Request.
  Time since last request: 4.633577 seconds.
  path: Assets/Materials/Core.mat
  artifactKey: Guid(055051663b016b147a14661094fc8cdf) Importer(815301076,1909f56bfc062723c751e8b465ee728b)
Start importing Assets/Materials/Core.mat using Guid(055051663b016b147a14661094fc8cdf) Importer(815301076,1909f56bfc062723c751e8b465ee728b)  -> (artifact id: '8fe9b355f47ab984552573829e38ad80') in 0.522742 seconds
  Import took 0.620435 seconds .

========================================================================
Received Import Request.
  Time since last request: 0.000334 seconds.
  path: Assets/Materials/Transparent.mat
  artifactKey: Guid(7dd7755ca8ec3324ab30ed9307bb80ab) Importer(815301076,1909f56bfc062723c751e8b465ee728b)
Start importing Assets/Materials/Transparent.mat using Guid(7dd7755ca8ec3324ab30ed9307bb80ab) Importer(815301076,1909f56bfc062723c751e8b465ee728b)  -> (artifact id: '34900b227b71767cd49b47e107a50231') in 0.063231 seconds
  Import took 0.080453 seconds .

========================================================================
Received Import Request.
  Time since last request: 0.000393 seconds.
  path: Assets/Materials/Metal Base.mat
  artifactKey: Guid(fe499e3be80c682409d947d22f44a970) Importer(815301076,1909f56bfc062723c751e8b465ee728b)
Start importing Assets/Materials/Metal Base.mat using Guid(fe499e3be80c682409d947d22f44a970) Importer(815301076,1909f56bfc062723c751e8b465ee728b)  -> (artifact id: 'd9c24b7d006f7f507a6b72ede9ecaf65') in 0.037565 seconds
  Import took 0.043852 seconds .

========================================================================
Received Import Request.
  Time since last request: 5.276428 seconds.
  path: Assets/ExampleAssets/Models
  artifactKey: Guid(aa97895f3852bd44399ef0893bec4f5e) Importer(815301076,1909f56bfc062723c751e8b465ee728b)
Start importing Assets/ExampleAssets/Models using Guid(aa97895f3852bd44399ef0893bec4f5e) Importer(815301076,1909f56bfc062723c751e8b465ee728b)  -> (artifact id: '101cf29c084811c4e1c7047226408a26') in 0.011390 seconds
  Import took 0.044162 seconds .

========================================================================
Received Import Request.
  Time since last request: 18.013038 seconds.
  path: Assets/Code/GameManagerTest.cs
  artifactKey: Guid(4366b9582f2032747ba27b6440b3f170) Importer(815301076,1909f56bfc062723c751e8b465ee728b)
Start importing Assets/Code/GameManagerTest.cs using Guid(4366b9582f2032747ba27b6440b3f170) Importer(815301076,1909f56bfc062723c751e8b465ee728b)  -> (artifact id: '1f54a45511369b82322026d4e3df7172') in 0.010085 seconds
  Import took 0.079144 seconds .

