Using pre-set license
Built from '2020.3/release' branch; Version is '2020.3.7f1 (dd97f2c94397) revision 14522354'; Using compiler version '192528614'; Build Type 'Release'
OS: 'Windows 10 Home; OS build 19041.1052; Version 2004; 64bit' Language: 'en' Physical Memory: 8070 MB
BatchMode: 1, IsHumanControllingUs: 0, StartBugReporterOnCrash: 0, Is64bit: 1, IsPro: 0

 COMMAND LINE ARGUMENTS:
C:\Program Files\Unity\Hub\Editor\2020.3.7f1\Editor\Unity.exe
-adb2
-batchMode
-noUpm
-name
AssetImportWorker0
-projectPath
C:/Users/tommy/URP shaders
-logFile
Logs/AssetImportWorker0.log
-srvPort
50021
Successfully changed project path to: C:/Users/tommy/URP shaders
C:/Users/tommy/URP shaders
Using Asset Import Pipeline V2.
Refreshing native plugins compatible for Editor in 49.81 ms, found 0 plugins.
Preloading 0 native plugins for Editor in 0.00 ms.
Initialize engine version: 2020.3.7f1 (dd97f2c94397)
[Subsystems] Discovering subsystems at path C:/Program Files/Unity/Hub/Editor/2020.3.7f1/Editor/Data/Resources/UnitySubsystems
[Subsystems] Discovering subsystems at path C:/Users/tommy/URP shaders/Assets
GfxDevice: creating device client; threaded=0
Direct3D:
    Version:  Direct3D 11.0 [level 11.0]
    Renderer: NVIDIA GeForce GTX 960M (ID=0x139b)
    Vendor:   
    VRAM:     2010 MB
    Driver:   26.21.14.3086
Initialize mono
Mono path[0] = 'C:/Program Files/Unity/Hub/Editor/2020.3.7f1/Editor/Data/Managed'
Mono path[1] = 'C:/Program Files/Unity/Hub/Editor/2020.3.7f1/Editor/Data/MonoBleedingEdge/lib/mono/unityjit'
Mono config path = 'C:/Program Files/Unity/Hub/Editor/2020.3.7f1/Editor/Data/MonoBleedingEdge/etc'
Using monoOptions --debugger-agent=transport=dt_socket,embedding=1,server=y,suspend=n,address=127.0.0.1:56296
Begin MonoManager ReloadAssembly
Registering precompiled unity dll's ...
Register platform support module: C:/Program Files/Unity/Hub/Editor/2020.3.7f1/Editor/Data/PlaybackEngines/WindowsStandaloneSupport/UnityEditor.WindowsStandalone.Extensions.dll
Registered in 0.002401 seconds.
Native extension for WindowsStandalone target not found
Refreshing native plugins compatible for Editor in 49.61 ms, found 0 plugins.
Preloading 0 native plugins for Editor in 0.00 ms.
Mono: successfully reloaded assembly
- Completed reload, in  1.365 seconds
Platform modules already initialized, skipping
Registering precompiled user dll's ...
Registered in 0.001628 seconds.
Begin MonoManager ReloadAssembly
Native extension for WindowsStandalone target not found
Refreshing native plugins compatible for Editor in 53.02 ms, found 0 plugins.
Preloading 0 native plugins for Editor in 0.00 ms.
Mono: successfully reloaded assembly
- Completed reload, in  1.174 seconds
Platform modules already initialized, skipping
========================================================================
Worker process is ready to serve import requests
Shader 'Universal Render Pipeline/Particles/Lit': fallback shader 'Universal Render Pipeline/Particles/SimpleLit' not found
Shader 'Universal Render Pipeline/Particles/Lit': fallback shader 'Universal Render Pipeline/Particles/SimpleLit' not found
Launched and connected shader compiler UnityShaderCompiler.exe after 0.06 seconds
Refreshing native plugins compatible for Editor in 0.46 ms, found 0 plugins.
Preloading 0 native plugins for Editor in 0.00 ms.
Unloading 2426 Unused Serialized files (Serialized files now loaded: 0)
System memory in use before: 115.1 MB.
System memory in use after: 112.4 MB.

Unloading 43 unused Assets to reduce memory usage. Loaded Objects now: 2839.
Total: 3.938600 ms (FindLiveObjects: 0.414800 ms CreateObjectMapping: 0.178000 ms MarkObjects: 1.875300 ms  DeleteObjects: 1.469500 ms)

========================================================================
Received Import Request.
  path: Assets/reactor_vertical.fbx
  artifactKey: Guid(9567062d97054aa4587e1ffa6f147db0) Importer(815301076,1909f56bfc062723c751e8b465ee728b)
Start importing Assets/reactor_vertical.fbx using Guid(9567062d97054aa4587e1ffa6f147db0) Importer(815301076,1909f56bfc062723c751e8b465ee728b)  -> (artifact id: '498579b02a19bab0dfa0d6f6e849b757') in 0.930739 seconds
  Import took 0.935216 seconds .

========================================================================
Received Import Request.
  Time since last request: 4.266766 seconds.
  path: Assets/reactor_vertical.fbx
  artifactKey: Guid(9567062d97054aa4587e1ffa6f147db0) Importer(815301076,1909f56bfc062723c751e8b465ee728b)
Start importing Assets/reactor_vertical.fbx using Guid(9567062d97054aa4587e1ffa6f147db0) Importer(815301076,1909f56bfc062723c751e8b465ee728b)  -> (artifact id: '39b87dae6823a4fbef2aae5934dbce96') in 0.049738 seconds
  Import took 0.056555 seconds .

========================================================================
Received Import Request.
  Time since last request: 0.003587 seconds.
  path: Assets/reactor_vertical.fbx
  artifactKey: Guid(9567062d97054aa4587e1ffa6f147db0) Importer(815301076,1909f56bfc062723c751e8b465ee728b)
Start importing Assets/reactor_vertical.fbx using Guid(9567062d97054aa4587e1ffa6f147db0) Importer(815301076,1909f56bfc062723c751e8b465ee728b)  -> (artifact id: '39b87dae6823a4fbef2aae5934dbce96') in 0.053202 seconds
  Import took 0.058162 seconds .

========================================================================
Received Import Request.
  Time since last request: 35.795788 seconds.
  path: Assets/Materials/Core.mat
  artifactKey: Guid(055051663b016b147a14661094fc8cdf) Importer(815301076,1909f56bfc062723c751e8b465ee728b)
Start importing Assets/Materials/Core.mat using Guid(055051663b016b147a14661094fc8cdf) Importer(815301076,1909f56bfc062723c751e8b465ee728b)  -> (artifact id: '8b25fee229fd7d3f8085f5f215e495c7') in 0.032385 seconds
  Import took 0.063721 seconds .

========================================================================
Received Import Request.
  Time since last request: 0.000350 seconds.
  path: Assets/Materials/Transparent.mat
  artifactKey: Guid(7dd7755ca8ec3324ab30ed9307bb80ab) Importer(815301076,1909f56bfc062723c751e8b465ee728b)
Start importing Assets/Materials/Transparent.mat using Guid(7dd7755ca8ec3324ab30ed9307bb80ab) Importer(815301076,1909f56bfc062723c751e8b465ee728b)  -> (artifact id: 'ee0f62bfa978122e5214bd2c75df7ed3') in 0.021076 seconds
  Import took 0.026779 seconds .

========================================================================
Received Import Request.
  Time since last request: 0.000256 seconds.
  path: Assets/Materials/Core.mat
  artifactKey: Guid(055051663b016b147a14661094fc8cdf) Importer(815301076,1909f56bfc062723c751e8b465ee728b)
Start importing Assets/Materials/Core.mat using Guid(055051663b016b147a14661094fc8cdf) Importer(815301076,1909f56bfc062723c751e8b465ee728b)  -> (artifact id: '8b25fee229fd7d3f8085f5f215e495c7') in 0.014882 seconds
  Import took 0.020005 seconds .

========================================================================
Received Import Request.
  Time since last request: 0.000347 seconds.
  path: Assets/Materials/Metal Base.mat
  artifactKey: Guid(fe499e3be80c682409d947d22f44a970) Importer(815301076,1909f56bfc062723c751e8b465ee728b)
Start importing Assets/Materials/Metal Base.mat using Guid(fe499e3be80c682409d947d22f44a970) Importer(815301076,1909f56bfc062723c751e8b465ee728b)  -> (artifact id: '88a291c46c868178bc6101791d470849') in 0.027814 seconds
  Import took 0.037816 seconds .

========================================================================
Received Prepare
Registering precompiled user dll's ...
Registered in 0.001983 seconds.
Begin MonoManager ReloadAssembly
Native extension for WindowsStandalone target not found
Refreshing native plugins compatible for Editor in 0.45 ms, found 0 plugins.
Preloading 0 native plugins for Editor in 0.00 ms.
Mono: successfully reloaded assembly
- Completed reload, in  1.073 seconds
Platform modules already initialized, skipping
Shader 'Universal Render Pipeline/Particles/Lit': fallback shader 'Universal Render Pipeline/Particles/SimpleLit' not found
Shader 'Universal Render Pipeline/Particles/Lit': fallback shader 'Universal Render Pipeline/Particles/SimpleLit' not found
Refreshing native plugins compatible for Editor in 0.40 ms, found 0 plugins.
Preloading 0 native plugins for Editor in 0.00 ms.
Unloading 2347 Unused Serialized files (Serialized files now loaded: 0)
System memory in use before: 130.3 MB.
System memory in use after: 127.6 MB.

Unloading 38 unused Assets to reduce memory usage. Loaded Objects now: 2924.
Total: 4.506000 ms (FindLiveObjects: 0.574700 ms CreateObjectMapping: 0.140300 ms MarkObjects: 2.355200 ms  DeleteObjects: 1.428900 ms)

========================================================================
Received Import Request.
  Time since last request: 278.062937 seconds.
  path: Assets/Reactor_Core.controller
  artifactKey: Guid(0ee8d9dc5c8fc0a44978249f55cd2f06) Importer(815301076,1909f56bfc062723c751e8b465ee728b)
Start importing Assets/Reactor_Core.controller using Guid(0ee8d9dc5c8fc0a44978249f55cd2f06) Importer(815301076,1909f56bfc062723c751e8b465ee728b)  -> (artifact id: 'e944600110a521969b0fa57fcd0bb684') in 0.019647 seconds
  Import took 0.024119 seconds .

========================================================================
Received Prepare
Registering precompiled user dll's ...
Registered in 0.001542 seconds.
Begin MonoManager ReloadAssembly
Native extension for WindowsStandalone target not found
Refreshing native plugins compatible for Editor in 0.40 ms, found 0 plugins.
Preloading 0 native plugins for Editor in 0.00 ms.
Mono: successfully reloaded assembly
- Completed reload, in  1.033 seconds
Platform modules already initialized, skipping
Shader 'Universal Render Pipeline/Particles/Lit': fallback shader 'Universal Render Pipeline/Particles/SimpleLit' not found
Shader 'Universal Render Pipeline/Particles/Lit': fallback shader 'Universal Render Pipeline/Particles/SimpleLit' not found
Refreshing native plugins compatible for Editor in 0.40 ms, found 0 plugins.
Preloading 0 native plugins for Editor in 0.00 ms.
Unloading 2347 Unused Serialized files (Serialized files now loaded: 0)
System memory in use before: 130.4 MB.
System memory in use after: 127.7 MB.

Unloading 38 unused Assets to reduce memory usage. Loaded Objects now: 2927.
Total: 4.217000 ms (FindLiveObjects: 0.401400 ms CreateObjectMapping: 0.149700 ms MarkObjects: 1.978800 ms  DeleteObjects: 1.686100 ms)

========================================================================
Received Import Request.
  Time since last request: 51.426240 seconds.
  path: Assets/reactor_vertical.fbx
  artifactKey: Guid(9567062d97054aa4587e1ffa6f147db0) Importer(815301076,1909f56bfc062723c751e8b465ee728b)
Start importing Assets/reactor_vertical.fbx using Guid(9567062d97054aa4587e1ffa6f147db0) Importer(815301076,1909f56bfc062723c751e8b465ee728b)  -> (artifact id: '081d305b74466518be726275b1b538c2') in 0.226265 seconds
  Import took 0.230913 seconds .

========================================================================
Received Import Request.
  Time since last request: 17.249104 seconds.
  path: Assets/reactor_vertical.fbx
  artifactKey: Guid(9567062d97054aa4587e1ffa6f147db0) Importer(815301076,1909f56bfc062723c751e8b465ee728b)
Start importing Assets/reactor_vertical.fbx using Guid(9567062d97054aa4587e1ffa6f147db0) Importer(815301076,1909f56bfc062723c751e8b465ee728b)  -> (artifact id: '871dc7f424502fe75d0a45b0c04ddd0f') in 0.063882 seconds
  Import took 0.069033 seconds .

========================================================================
Received Import Request.
  Time since last request: 75.880658 seconds.
  path: Assets/reactor_vertical.fbx
  artifactKey: Guid(9567062d97054aa4587e1ffa6f147db0) Importer(815301076,1909f56bfc062723c751e8b465ee728b)
Start importing Assets/reactor_vertical.fbx using Guid(9567062d97054aa4587e1ffa6f147db0) Importer(815301076,1909f56bfc062723c751e8b465ee728b)  -> (artifact id: '6fae0ab455a79f8b8fdfd97861b65713') in 0.051352 seconds
  Import took 0.077866 seconds .

========================================================================
Received Prepare
Registering precompiled user dll's ...
Registered in 0.002324 seconds.
Begin MonoManager ReloadAssembly
Native extension for WindowsStandalone target not found
Refreshing native plugins compatible for Editor in 0.82 ms, found 0 plugins.
Preloading 0 native plugins for Editor in 0.00 ms.
Mono: successfully reloaded assembly
- Completed reload, in  1.323 seconds
Platform modules already initialized, skipping
Shader 'Universal Render Pipeline/Particles/Lit': fallback shader 'Universal Render Pipeline/Particles/SimpleLit' not found
Shader 'Universal Render Pipeline/Particles/Lit': fallback shader 'Universal Render Pipeline/Particles/SimpleLit' not found
Refreshing native plugins compatible for Editor in 0.46 ms, found 0 plugins.
Preloading 0 native plugins for Editor in 0.00 ms.
Unloading 2347 Unused Serialized files (Serialized files now loaded: 0)
System memory in use before: 130.6 MB.
System memory in use after: 127.9 MB.

Unloading 38 unused Assets to reduce memory usage. Loaded Objects now: 2966.
Total: 6.987100 ms (FindLiveObjects: 1.087300 ms CreateObjectMapping: 0.934900 ms MarkObjects: 3.223000 ms  DeleteObjects: 1.739000 ms)

========================================================================
Received Import Request.
  Time since last request: 157.631930 seconds.
  path: Assets/reactor_vertical.fbx
  artifactKey: Guid(9567062d97054aa4587e1ffa6f147db0) Importer(815301076,1909f56bfc062723c751e8b465ee728b)
Start importing Assets/reactor_vertical.fbx using Guid(9567062d97054aa4587e1ffa6f147db0) Importer(815301076,1909f56bfc062723c751e8b465ee728b)  -> (artifact id: '9a68bc481c4f90d1621dba4ac99bc605') in 0.342804 seconds
  Import took 0.351134 seconds .

========================================================================
Received Import Request.
  Time since last request: 0.003321 seconds.
  path: Assets/reactor_vertical.fbx
  artifactKey: Guid(9567062d97054aa4587e1ffa6f147db0) Importer(815301076,1909f56bfc062723c751e8b465ee728b)
Start importing Assets/reactor_vertical.fbx using Guid(9567062d97054aa4587e1ffa6f147db0) Importer(815301076,1909f56bfc062723c751e8b465ee728b)  -> (artifact id: '9a68bc481c4f90d1621dba4ac99bc605') in 0.060409 seconds
  Import took 0.068137 seconds .

========================================================================
Received Import Request.
  Time since last request: 70.408646 seconds.
  path: Assets/reactor_vertical.fbx
  artifactKey: Guid(9567062d97054aa4587e1ffa6f147db0) Importer(815301076,1909f56bfc062723c751e8b465ee728b)
Start importing Assets/reactor_vertical.fbx using Guid(9567062d97054aa4587e1ffa6f147db0) Importer(815301076,1909f56bfc062723c751e8b465ee728b)  -> (artifact id: '98a68145d53f16da40e568a80935c1d8') in 0.053388 seconds
  Import took 0.061240 seconds .

========================================================================
Received Import Request.
  Time since last request: 24.121243 seconds.
  path: Assets/reactor_vertical.fbx
  artifactKey: Guid(9567062d97054aa4587e1ffa6f147db0) Importer(815301076,1909f56bfc062723c751e8b465ee728b)
Start importing Assets/reactor_vertical.fbx using Guid(9567062d97054aa4587e1ffa6f147db0) Importer(815301076,1909f56bfc062723c751e8b465ee728b)  -> (artifact id: '6003ce9b44744650c170faf54d4d7200') in 0.064085 seconds
  Import took 0.069302 seconds .

========================================================================
Received Import Request.
  Time since last request: 43.528568 seconds.
  path: Assets/reactor_vertical.fbx
  artifactKey: Guid(9567062d97054aa4587e1ffa6f147db0) Importer(815301076,1909f56bfc062723c751e8b465ee728b)
Start importing Assets/reactor_vertical.fbx using Guid(9567062d97054aa4587e1ffa6f147db0) Importer(815301076,1909f56bfc062723c751e8b465ee728b)  -> (artifact id: '9a58ee75d99b5e6818d2cab7ee82bf54') in 0.049448 seconds
  Import took 0.055808 seconds .

========================================================================
Received Prepare
Registering precompiled user dll's ...
Registered in 0.001756 seconds.
Begin MonoManager ReloadAssembly
Native extension for WindowsStandalone target not found
Refreshing native plugins compatible for Editor in 0.49 ms, found 0 plugins.
Preloading 0 native plugins for Editor in 0.00 ms.
Mono: successfully reloaded assembly
- Completed reload, in  1.095 seconds
Platform modules already initialized, skipping
Shader 'Universal Render Pipeline/Particles/Lit': fallback shader 'Universal Render Pipeline/Particles/SimpleLit' not found
Shader 'Universal Render Pipeline/Particles/Lit': fallback shader 'Universal Render Pipeline/Particles/SimpleLit' not found
Refreshing native plugins compatible for Editor in 0.45 ms, found 0 plugins.
Preloading 0 native plugins for Editor in 0.00 ms.
Unloading 2347 Unused Serialized files (Serialized files now loaded: 0)
System memory in use before: 130.7 MB.
System memory in use after: 128.0 MB.

Unloading 38 unused Assets to reduce memory usage. Loaded Objects now: 3005.
Total: 4.581200 ms (FindLiveObjects: 0.321500 ms CreateObjectMapping: 0.109000 ms MarkObjects: 2.292000 ms  DeleteObjects: 1.857000 ms)

========================================================================
Received Prepare
Registering precompiled user dll's ...
Registered in 0.001709 seconds.
Begin MonoManager ReloadAssembly
Native extension for WindowsStandalone target not found
Refreshing native plugins compatible for Editor in 0.40 ms, found 0 plugins.
Preloading 0 native plugins for Editor in 0.00 ms.
Mono: successfully reloaded assembly
- Completed reload, in  1.037 seconds
Platform modules already initialized, skipping
Shader 'Universal Render Pipeline/Particles/Lit': fallback shader 'Universal Render Pipeline/Particles/SimpleLit' not found
Shader 'Universal Render Pipeline/Particles/Lit': fallback shader 'Universal Render Pipeline/Particles/SimpleLit' not found
Refreshing native plugins compatible for Editor in 0.40 ms, found 0 plugins.
Preloading 0 native plugins for Editor in 0.00 ms.
Unloading 2347 Unused Serialized files (Serialized files now loaded: 0)
System memory in use before: 130.6 MB.
System memory in use after: 127.9 MB.

Unloading 38 unused Assets to reduce memory usage. Loaded Objects now: 3008.
Total: 5.000700 ms (FindLiveObjects: 0.619800 ms CreateObjectMapping: 0.160300 ms MarkObjects: 2.397600 ms  DeleteObjects: 1.821600 ms)

AssetImportWorkerClient::OnTransportError - code=2 error=End of file
